<?xml version="1.0" encoding="UTF-8"?>
<robot generator="Robot 7.1.1 (Python 3.11.9 on win32)" generated="2024-12-09T08:48:19.157850" rpa="false" schemaversion="5">
<suite id="s1" name="Sql Server" source="C:\Temp\Studies\Python\basics\testing and automation\Robot-framework\sql_server.robot">
<test id="s1-t1" name="Connect to SQL Server and Fetch data" line="15">
<kw name="Connect To Database" owner="DatabaseLibrary">
<msg time="2024-12-09T08:48:19.186322" level="INFO">Looking for configuration file: 'resources\db.cfg'</msg>
<msg time="2024-12-09T08:48:19.186322" level="INFO">Configuration file doesn't exist</msg>
<msg time="2024-12-09T08:48:19.188353" level="INFO">No ODBC driver specified</msg>
<msg time="2024-12-09T08:48:19.189400" level="INFO">List of installed ODBC drivers: ['SQL Server', 'ODBC Driver 17 for SQL Server', 'Microsoft Access Driver (*.mdb, *.accdb)', 'Microsoft Excel Driver (*.xls, *.xlsx, *.xlsm, *.xlsb)', 'Microsoft Access Text Driver (*.txt, *.csv)', 'Microsoft Access dBASE Driver (*.dbf, *.ndx, *.mdx)', 'SQL Server Native Client 11.0']</msg>
<msg time="2024-12-09T08:48:19.189400" level="INFO">Connect to DB using : pyodbc.connect("charset=utf8mb4;DRIVER={ODBC Driver 17 for SQL Server};SERVER=localhost\SQLEXPRESS;DATABASE=DEVELOP;UID=oskari;PWD=***;")</msg>
<arg>pyodbc</arg>
<arg>DRIVER={${DB_DRIVER}};SERVER=${DB_SERVER};DATABASE=${DB_NAME};UID=${DB_USER};PWD=${DB_PASSWORD}</arg>
<doc>Creates a database connection using the DB API 2.0 ``db_module`` and the parameters provided.
Along with listed commonly used arguments (`db_name`, `db_host` etc.)
you can set any other DB module specific parameters as key/value pairs.</doc>
<status status="PASS" start="2024-12-09T08:48:19.186322" elapsed="0.071330"/>
</kw>
<kw name="Query" owner="DatabaseLibrary">
<msg time="2024-12-09T08:48:19.258651" level="INFO" html="true">Executing sql:&lt;br&gt;&lt;code style="font-weight: bold;"&gt;SELECT TOP 5 * FROM PPM.T_USER;&lt;/code&gt;</msg>
<msg time="2024-12-09T08:48:19.262637" level="INFO" html="true">&lt;div style="max-width: 100%; overflow-x: auto;"&gt;&lt;table style="width: auto; border-collapse: collapse; border: 2px solid rgb(140 140 140)"&gt;&lt;caption style="text-align: left; font-weight: bold; padding: 5px;"&gt;Query returned 5 rows&lt;/caption&gt;&lt;tr&gt;&lt;th scope="col" style="background-color: #d6ecd4; border: 1px solid rgb(160 160 160);padding: 8px 10px;text-align: center;"&gt;Row&lt;/th&gt;&lt;th scope="col" style="background-color: #505050; color: #fff;border: 1px solid rgb(160 160 160);padding: 8px 10px;text-align: center;"&gt;C_ID&lt;/th&gt;&lt;th scope="col" style="background-color: #505050; color: #fff;border: 1px solid rgb(160 160 160);padding: 8px 10px;text-align: center;"&gt;C_MASTER_DATA_SOURCE_ID&lt;/th&gt;&lt;th scope="col" style="background-color: #505050; color: #fff;border: 1px solid rgb(160 160 160);padding: 8px 10px;text-align: center;"&gt;C_UID&lt;/th&gt;&lt;th scope="col" style="background-color: #505050; color: #fff;border: 1px solid rgb(160 160 160);padding: 8px 10px;text-align: center;"&gt;C_UID_ACTIVATED&lt;/th&gt;&lt;th scope="col" style="background-color: #505050; color: #fff;border: 1px solid rgb(160 160 160);padding: 8px 10px;text-align: center;"&gt;C_LAST_NAME&lt;/th&gt;&lt;th scope="col" style="background-color: #505050; color: #fff;border: 1px solid rgb(160 160 160);padding: 8px 10px;text-align: center;"&gt;C_FIRST_NAMES&lt;/th&gt;&lt;th scope="col" style="background-color: #505050; color: #fff;border: 1px solid rgb(160 160 160);padding: 8px 10px;text-align: center;"&gt;C_CHRISTIAN_NAME&lt;/th&gt;&lt;th scope="col" style="background-color: #505050; color: #fff;border: 1px solid rgb(160 160 160);padding: 8px 10px;text-align: center;"&gt;C_EMAIL&lt;/th&gt;&lt;th scope="col" style="background-color: #505050; color: #fff;border: 1px solid rgb(160 160 160);padding: 8px 10px;text-align: center;"&gt;C_UPDATE_TO_HR&lt;/th&gt;&lt;th scope="col" style="background-color: #505050; color: #fff;border: 1px solid rgb(160 160 160);padding: 8px 10px;text-align: center;"&gt;C_BJ_NUMBER_CREATE&lt;/th&gt;&lt;th scope="col" style="background-color: #505050; color: #fff;border: 1px solid rgb(160 160 160);padding: 8px 10px;text-align: center;"&gt;C_BJ_NUMBER_UPDATE&lt;/th&gt;&lt;th scope="col" style="background-color: #505050; color: #fff;border: 1px solid rgb(160 160 160);padding: 8px 10px;text-align: center;"&gt;C_SOURCE_LAST_MODIFIED&lt;/th&gt;&lt;th scope="col" style="background-color: #505050; color: #fff;border: 1px solid rgb(160 160 160);padding: 8px 10px;text-align: center;"&gt;C_IS_MANAGER&lt;/th&gt;&lt;th scope="col" style="background-color: #505050; color: #fff;border: 1px solid rgb(160 160 160);padding: 8px 10px;text-align: center;"&gt;C_CREATOR_ID&lt;/th&gt;&lt;th scope="col" style="background-color: #505050; color: #fff;border: 1px solid rgb(160 160 160);padding: 8px 10px;text-align: center;"&gt;C_CREATED&lt;/th&gt;&lt;th scope="col" style="background-color: #505050; color: #fff;border: 1px solid rgb(160 160 160);padding: 8px 10px;text-align: center;"&gt;C_MODIFIED&lt;/th&gt;&lt;th scope="col" style="background-color: #505050; color: #fff;border: 1px solid rgb(160 160 160);padding: 8px 10px;text-align: center;"&gt;C_REFRESH_STATUS&lt;/th&gt;&lt;th scope="col" style="background-color: #505050; color: #fff;border: 1px solid rgb(160 160 160);padding: 8px 10px;text-align: center;"&gt;C_MASTER_PASSWORD&lt;/th&gt;&lt;th scope="col" style="background-color: #505050; color: #fff;border: 1px solid rgb(160 160 160);padding: 8px 10px;text-align: center;"&gt;C_REFRESH_STATUS_UPDATE_SET&lt;/th&gt;&lt;th scope="col" style="background-color: #505050; color: #fff;border: 1px solid rgb(160 160 160);padding: 8px 10px;text-align: center;"&gt;C_STATUS&lt;/th&gt;&lt;th scope="col" style="background-color: #505050; color: #fff;border: 1px solid rgb(160 160 160);padding: 8px 10px;text-align: center;"&gt;C_LOCALE&lt;/th&gt;&lt;th scope="col" style="background-color: #505050; color: #fff;border: 1px solid rgb(160 160 160);padding: 8px 10px;text-align: center;"&gt;C_COUNTRY&lt;/th&gt;&lt;th scope="col" style="background-color: #505050; color: #fff;border: 1px solid rgb(160 160 160);padding: 8px 10px;text-align: center;"&gt;C_TYPE&lt;/th&gt;&lt;th scope="col" style="background-color: #505050; color: #fff;border: 1px solid rgb(160 160 160);padding: 8px 10px;text-align: center;"&gt;C_LOGIN_USERNAME&lt;/th&gt;&lt;th scope="col" style="background-color: #505050; color: #fff;border: 1px solid rgb(160 160 160);padding: 8px 10px;text-align: center;"&gt;C_PASSWORD_HASH&lt;/th&gt;&lt;th scope="col" style="background-color: #505050; color: #fff;border: 1px solid rgb(160 160 160);padding: 8px 10px;text-align: center;"&gt;C_PASSWORD_CHANGE_DATE&lt;/th&gt;&lt;th scope="col" style="background-color: #505050; color: #fff;border: 1px solid rgb(160 160 160);padding: 8px 10px;text-align: center;"&gt;C_NAME&lt;/th&gt;&lt;/tr&gt;&lt;tr style="background-color: #eee;"&gt;&lt;th scope="row" style="background-color: #d6ecd4;border: 1px solid rgb(160 160 160);padding: 8px 10px;text-align: center;"&gt;0&lt;/th&gt;&lt;td style="border: 1px solid rgb(160 160 160);padding: 8px 10px;text-align: center;"&gt;1&lt;/td&gt;&lt;td style="border: 1px solid rgb(160 160 160);padding: 8px 10px;text-align: center;"&gt;1&lt;/td&gt;&lt;td style="border: 1px solid rgb(160 160 160);padding: 8px 10px;text-align: center;"&gt;r002200&lt;/td&gt;&lt;td style="border: 1px solid rgb(160 160 160);padding: 8px 10px;text-align: center;"&gt;2024-12-06 00:00:00&lt;/td&gt;&lt;td style="border: 1px solid rgb(160 160 160);padding: 8px 10px;text-align: center;"&gt;RFW-Superadmin&lt;/td&gt;&lt;td style="border: 1px solid rgb(160 160 160);padding: 8px 10px;text-align: center;"&gt;Static&lt;/td&gt;&lt;td style="border: 1px solid rgb(160 160 160);padding: 8px 10px;text-align: center;"&gt;None&lt;/td&gt;&lt;td style="border: 1px solid rgb(160 160 160);padding: 8px 10px;text-align: center;"&gt;starfw@unitedidentity.onmicrosoft.com&lt;/td&gt;&lt;td style="border: 1px solid rgb(160 160 160);padding: 8px 10px;text-align: center;"&gt;1&lt;/td&gt;&lt;td style="border: 1px solid rgb(160 160 160);padding: 8px 10px;text-align: center;"&gt;None&lt;/td&gt;&lt;td style="border: 1px solid rgb(160 160 160);padding: 8px 10px;text-align: center;"&gt;None&lt;/td&gt;&lt;td style="border: 1px solid rgb(160 160 160);padding: 8px 10px;text-align: center;"&gt;None&lt;/td&gt;&lt;td style="border: 1px solid rgb(160 160 160);padding: 8px 10px;text-align: center;"&gt;1&lt;/td&gt;&lt;td style="border: 1px solid rgb(160 160 160);padding: 8px 10px;text-align: center;"&gt;None&lt;/td&gt;&lt;td style="border: 1px solid rgb(160 160 160);padding: 8px 10px;text-align: center;"&gt;2024-12-06 14:15:58.073000&lt;/td&gt;&lt;td style="border: 1px solid rgb(160 160 160);padding: 8px 10px;text-align: center;"&gt;2024-12-06 14:18:42.187000&lt;/td&gt;&lt;td style="border: 1px solid rgb(160 160 160);padding: 8px 10px;text-align: center;"&gt;None&lt;/td&gt;&lt;td style="border: 1px solid rgb(160 160 160);padding: 8px 10px;text-align: center;"&gt;v1-1BEF09492E0E90E52157B46954DC8891BE419A71591D3F9A8E87392310E8CA40BA8A2E3A50AAA5E27C27A5844A6A4B8D93B5DAA9164F6FC3C500391C89F381F5D15A9CED1B239F4E93775204F4A72C6D50D386BA151472DC2FC35C573978741E&lt;/td&gt;&lt;td style="border: 1px solid rgb(160 160 160);padding: 8px 10px;text-align: center;"&gt;None&lt;/td&gt;&lt;td style="border: 1px solid rgb(160 160 160);padding: 8px 10px;text-align: center;"&gt;None&lt;/td&gt;&lt;td style="border: 1px solid rgb(160 160 160);padding: 8px 10px;text-align: center;"&gt;None&lt;/td&gt;&lt;td style="border: 1px solid rgb(160 160 160);padding: 8px 10px;text-align: center;"&gt;Finland&lt;/td&gt;&lt;td style="border: 1px solid rgb(160 160 160);padding: 8px 10px;text-align: center;"&gt;None&lt;/td&gt;&lt;td style="border: 1px solid rgb(160 160 160);padding: 8px 10px;text-align: center;"&gt;r002200&lt;/td&gt;&lt;td style="border: 1px solid rgb(160 160 160);padding: 8px 10px;text-align: center;"&gt;6aec0c68e07c4c8e5f0be1b5901f9b99:edd7a9a87b16e2adff910cb8d960cb7da218c8de9aaf37c742afccc30d624cf0fae1fcd0ba5634c8bd63969325a0dbe051b76730b5795a9a0d535607e9370664&lt;/td&gt;&lt;td style="border: 1px solid rgb(160 160 160);padding: 8px 10px;text-align: center;"&gt;None&lt;/td&gt;&lt;td style="border: 1px solid rgb(160 160 160);padding: 8px 10px;text-align: center;"&gt;Static RFW-Superadmin&lt;/td&gt;&lt;/tr&gt;&lt;tr&gt;&lt;th scope="row" style="background-color: #d6ecd4;border: 1px solid rgb(160 160 160);padding: 8px 10px;text-align: center;"&gt;1&lt;/th&gt;&lt;td style="border: 1px solid rgb(160 160 160);padding: 8px 10px;text-align: center;"&gt;2&lt;/td&gt;&lt;td style="border: 1px solid rgb(160 160 160);padding: 8px 10px;text-align: center;"&gt;1&lt;/td&gt;&lt;td style="border: 1px solid rgb(160 160 160);padding: 8px 10px;text-align: center;"&gt;r002203&lt;/td&gt;&lt;td style="border: 1px solid rgb(160 160 160);padding: 8px 10px;text-align: center;"&gt;2024-12-06 00:00:00&lt;/td&gt;&lt;td style="border: 1px solid rgb(160 160 160);padding: 8px 10px;text-align: center;"&gt;RFW-Superadmin ProductCatalogue&lt;/td&gt;&lt;td style="border: 1px solid rgb(160 160 160);padding: 8px 10px;text-align: center;"&gt;Static&lt;/td&gt;&lt;td style="border: 1px solid rgb(160 160 160);padding: 8px 10px;text-align: center;"&gt;None&lt;/td&gt;&lt;td style="border: 1px solid rgb(160 160 160);padding: 8px 10px;text-align: center;"&gt;static.rfw-sebasic@workers.rfw&lt;/td&gt;&lt;td style="border: 1px solid rgb(160 160 160);padding: 8px 10px;text-align: center;"&gt;1&lt;/td&gt;&lt;td style="border: 1px solid rgb(160 160 160);padding: 8px 10px;text-align: center;"&gt;None&lt;/td&gt;&lt;td style="border: 1px solid rgb(160 160 160);padding: 8px 10px;text-align: center;"&gt;None&lt;/td&gt;&lt;td style="border: 1px solid rgb(160 160 160);padding: 8px 10px;text-align: center;"&gt;None&lt;/td&gt;&lt;td style="border: 1px solid rgb(160 160 160);padding: 8px 10px;text-align: center;"&gt;1&lt;/td&gt;&lt;td style="border: 1px solid rgb(160 160 160);padding: 8px 10px;text-align: center;"&gt;None&lt;/td&gt;&lt;td style="border: 1px solid rgb(160 160 160);padding: 8px 10px;text-align: center;"&gt;2024-12-06 14:15:58.090000&lt;/td&gt;&lt;td style="border: 1px solid rgb(160 160 160);padding: 8px 10px;text-align: center;"&gt;2024-12-06 14:18:42.237000&lt;/td&gt;&lt;td style="border: 1px solid rgb(160 160 160);padding: 8px 10px;text-align: center;"&gt;None&lt;/td&gt;&lt;td style="border: 1px solid rgb(160 160 160);padding: 8px 10px;text-align: center;"&gt;v1-437CAB7A42FDFFEAC441332E923322CE18851DC7A6D5339FBBC49DEA21ECCD608D4E07B387512A7EDFF40DFE5D277940DB270DBE0FD5B0FE968F56527DEE67B48E2618E086F9DCCF9A5A20588814AEC46E5FDC100AC6B6DB124A684EEA6C302B&lt;/td&gt;&lt;td style="border: 1px solid rgb(160 160 160);padding: 8px 10px;text-align: center;"&gt;None&lt;/td&gt;&lt;td style="border: 1px solid rgb(160 160 160);padding: 8px 10px;text-align: center;"&gt;None&lt;/td&gt;&lt;td style="border: 1px solid rgb(160 160 160);padding: 8px 10px;text-align: center;"&gt;None&lt;/td&gt;&lt;td style="border: 1px solid rgb(160 160 160);padding: 8px 10px;text-align: center;"&gt;Finland&lt;/td&gt;&lt;td style="border: 1px solid rgb(160 160 160);padding: 8px 10px;text-align: center;"&gt;None&lt;/td&gt;&lt;td style="border: 1px solid rgb(160 160 160);padding: 8px 10px;text-align: center;"&gt;r002203&lt;/td&gt;&lt;td style="border: 1px solid rgb(160 160 160);padding: 8px 10px;text-align: center;"&gt;6aec0c68e07c4c8e5f0be1b5901f9b99:edd7a9a87b16e2adff910cb8d960cb7da218c8de9aaf37c742afccc30d624cf0fae1fcd0ba5634c8bd63969325a0dbe051b76730b5795a9a0d535607e9370664&lt;/td&gt;&lt;td style="border: 1px solid rgb(160 160 160);padding: 8px 10px;text-align: center;"&gt;None&lt;/td&gt;&lt;td style="border: 1px solid rgb(160 160 160);padding: 8px 10px;text-align: center;"&gt;Static RFW-Superadmin ProductCatalogue&lt;/td&gt;&lt;/tr&gt;&lt;tr style="background-color: #eee;"&gt;&lt;th scope="row" style="background-color: #d6ecd4;border: 1px solid rgb(160 160 160);padding: 8px 10px;text-align: center;"&gt;2&lt;/th&gt;&lt;td style="border: 1px solid rgb(160 160 160);padding: 8px 10px;text-align: center;"&gt;3&lt;/td&gt;&lt;td style="border: 1px solid rgb(160 160 160);padding: 8px 10px;text-align: center;"&gt;1&lt;/td&gt;&lt;td style="border: 1px solid rgb(160 160 160);padding: 8px 10px;text-align: center;"&gt;r002204&lt;/td&gt;&lt;td style="border: 1px solid rgb(160 160 160);padding: 8px 10px;text-align: center;"&gt;2024-12-06 00:00:00&lt;/td&gt;&lt;td style="border: 1px solid rgb(160 160 160);padding: 8px 10px;text-align: center;"&gt;RFW-Superadmin RoleCatalogue&lt;/td&gt;&lt;td style="border: 1px solid rgb(160 160 160);padding: 8px 10px;text-align: center;"&gt;Static&lt;/td&gt;&lt;td style="border: 1px solid rgb(160 160 160);padding: 8px 10px;text-align: center;"&gt;None&lt;/td&gt;&lt;td style="border: 1px solid rgb(160 160 160);padding: 8px 10px;text-align: center;"&gt;None&lt;/td&gt;&lt;td style="border: 1px solid rgb(160 160 160);padding: 8px 10px;text-align: center;"&gt;1&lt;/td&gt;&lt;td style="border: 1px solid rgb(160 160 160);padding: 8px 10px;text-align: center;"&gt;None&lt;/td&gt;&lt;td style="border: 1px solid rgb(160 160 160);padding: 8px 10px;text-align: center;"&gt;None&lt;/td&gt;&lt;td style="border: 1px solid rgb(160 160 160);padding: 8px 10px;text-align: center;"&gt;None&lt;/td&gt;&lt;td style="border: 1px solid rgb(160 160 160);padding: 8px 10px;text-align: center;"&gt;1&lt;/td&gt;&lt;td style="border: 1px solid rgb(160 160 160);padding: 8px 10px;text-align: center;"&gt;None&lt;/td&gt;&lt;td style="border: 1px solid rgb(160 160 160);padding: 8px 10px;text-align: center;"&gt;2024-12-06 14:15:58.097000&lt;/td&gt;&lt;td style="border: 1px solid rgb(160 160 160);padding: 8px 10px;text-align: center;"&gt;2024-12-06 14:18:42.570000&lt;/td&gt;&lt;td style="border: 1px solid rgb(160 160 160);padding: 8px 10px;text-align: center;"&gt;None&lt;/td&gt;&lt;td style="border: 1px solid rgb(160 160 160);padding: 8px 10px;text-align: center;"&gt;v1-5A7BEF40E3FD35903193A0365C6EFACE8251ED2E4972A352529DB625ECB8F96D483E9CD1E7EB87B18414420378CBB76761D8341222B5541C6897E114E6B5781B03344158EBEF99A2071D9BCA3F339A04CCF34C14562A8D7BEFA292F26AD6B548&lt;/td&gt;&lt;td style="border: 1px solid rgb(160 160 160);padding: 8px 10px;text-align: center;"&gt;None&lt;/td&gt;&lt;td style="border: 1px solid rgb(160 160 160);padding: 8px 10px;text-align: center;"&gt;None&lt;/td&gt;&lt;td style="border: 1px solid rgb(160 160 160);padding: 8px 10px;text-align: center;"&gt;None&lt;/td&gt;&lt;td style="border: 1px solid rgb(160 160 160);padding: 8px 10px;text-align: center;"&gt;Finland&lt;/td&gt;&lt;td style="border: 1px solid rgb(160 160 160);padding: 8px 10px;text-align: center;"&gt;None&lt;/td&gt;&lt;td style="border: 1px solid rgb(160 160 160);padding: 8px 10px;text-align: center;"&gt;r002204&lt;/td&gt;&lt;td style="border: 1px solid rgb(160 160 160);padding: 8px 10px;text-align: center;"&gt;6aec0c68e07c4c8e5f0be1b5901f9b99:edd7a9a87b16e2adff910cb8d960cb7da218c8de9aaf37c742afccc30d624cf0fae1fcd0ba5634c8bd63969325a0dbe051b76730b5795a9a0d535607e9370664&lt;/td&gt;&lt;td style="border: 1px solid rgb(160 160 160);padding: 8px 10px;text-align: center;"&gt;None&lt;/td&gt;&lt;td style="border: 1px solid rgb(160 160 160);padding: 8px 10px;text-align: center;"&gt;Static RFW-Superadmin RoleCatalogue&lt;/td&gt;&lt;/tr&gt;&lt;tr&gt;&lt;th scope="row" style="background-color: #d6ecd4;border: 1px solid rgb(160 160 160);padding: 8px 10px;text-align: center;"&gt;3&lt;/th&gt;&lt;td style="border: 1px solid rgb(160 160 160);padding: 8px 10px;text-align: center;"&gt;4&lt;/td&gt;&lt;td style="border: 1px solid rgb(160 160 160);padding: 8px 10px;text-align: center;"&gt;1&lt;/td&gt;&lt;td style="border: 1px solid rgb(160 160 160);padding: 8px 10px;text-align: center;"&gt;r002205&lt;/td&gt;&lt;td style="border: 1px solid rgb(160 160 160);padding: 8px 10px;text-align: center;"&gt;2024-12-06 00:00:00&lt;/td&gt;&lt;td style="border: 1px solid rgb(160 160 160);padding: 8px 10px;text-align: center;"&gt;RFW-Superadmin SapProvision&lt;/td&gt;&lt;td style="border: 1px solid rgb(160 160 160);padding: 8px 10px;text-align: center;"&gt;Static&lt;/td&gt;&lt;td style="border: 1px solid rgb(160 160 160);padding: 8px 10px;text-align: center;"&gt;Static2&lt;/td&gt;&lt;td style="border: 1px solid rgb(160 160 160);padding: 8px 10px;text-align: center;"&gt;None&lt;/td&gt;&lt;td style="border: 1px solid rgb(160 160 160);padding: 8px 10px;text-align: center;"&gt;1&lt;/td&gt;&lt;td style="border: 1px solid rgb(160 160 160);padding: 8px 10px;text-align: center;"&gt;None&lt;/td&gt;&lt;td style="border: 1px solid rgb(160 160 160);padding: 8px 10px;text-align: center;"&gt;None&lt;/td&gt;&lt;td style="border: 1px solid rgb(160 160 160);padding: 8px 10px;text-align: center;"&gt;None&lt;/td&gt;&lt;td style="border: 1px solid rgb(160 160 160);padding: 8px 10px;text-align: center;"&gt;1&lt;/td&gt;&lt;td style="border: 1px solid rgb(160 160 160);padding: 8px 10px;text-align: center;"&gt;None&lt;/td&gt;&lt;td style="border: 1px solid rgb(160 160 160);padding: 8px 10px;text-align: center;"&gt;2024-12-06 14:15:58.103000&lt;/td&gt;&lt;td style="border: 1px solid rgb(160 160 160);padding: 8px 10px;text-align: center;"&gt;2024-12-06 14:18:42.613000&lt;/td&gt;&lt;td style="border: 1px solid rgb(160 160 160);padding: 8px 10px;text-align: center;"&gt;None&lt;/td&gt;&lt;td style="border: 1px solid rgb(160 160 160);padding: 8px 10px;text-align: center;"&gt;v1-0724E66ED3AE1F7CFD6E4EC1BDCF90A97F957F13F42A14F39CE3C104123A75D4F9889F95AC7123F541BC58655EF8C980330763C6473481681114B4B0E6F3DAC7459F4AE91D89AAAEEACA5022468B39F7E5070989E1DFA74B78F90A6E5155230B&lt;/td&gt;&lt;td style="border: 1px solid rgb(160 160 160);padding: 8px 10px;text-align: center;"&gt;None&lt;/td&gt;&lt;td style="border: 1px solid rgb(160 160 160);padding: 8px 10px;text-align: center;"&gt;None&lt;/td&gt;&lt;td style="border: 1px solid rgb(160 160 160);padding: 8px 10px;text-align: center;"&gt;None&lt;/td&gt;&lt;td style="border: 1px solid rgb(160 160 160);padding: 8px 10px;text-align: center;"&gt;Finland&lt;/td&gt;&lt;td style="border: 1px solid rgb(160 160 160);padding: 8px 10px;text-align: center;"&gt;None&lt;/td&gt;&lt;td style="border: 1px solid rgb(160 160 160);padding: 8px 10px;text-align: center;"&gt;r002205&lt;/td&gt;&lt;td style="border: 1px solid rgb(160 160 160);padding: 8px 10px;text-align: center;"&gt;6aec0c68e07c4c8e5f0be1b5901f9b99:edd7a9a87b16e2adff910cb8d960cb7da218c8de9aaf37c742afccc30d624cf0fae1fcd0ba5634c8bd63969325a0dbe051b76730b5795a9a0d535607e9370664&lt;/td&gt;&lt;td style="border: 1px solid rgb(160 160 160);padding: 8px 10px;text-align: center;"&gt;None&lt;/td&gt;&lt;td style="border: 1px solid rgb(160 160 160);padding: 8px 10px;text-align: center;"&gt;Static2 RFW-Superadmin SapProvision&lt;/td&gt;&lt;/tr&gt;&lt;tr style="background-color: #eee;"&gt;&lt;th scope="row" style="background-color: #d6ecd4;border: 1px solid rgb(160 160 160);padding: 8px 10px;text-align: center;"&gt;4&lt;/th&gt;&lt;td style="border: 1px solid rgb(160 160 160);padding: 8px 10px;text-align: center;"&gt;5&lt;/td&gt;&lt;td style="border: 1px solid rgb(160 160 160);padding: 8px 10px;text-align: center;"&gt;1&lt;/td&gt;&lt;td style="border: 1px solid rgb(160 160 160);padding: 8px 10px;text-align: center;"&gt;r002206&lt;/td&gt;&lt;td style="border: 1px solid rgb(160 160 160);padding: 8px 10px;text-align: center;"&gt;2024-12-06 00:00:00&lt;/td&gt;&lt;td style="border: 1px solid rgb(160 160 160);padding: 8px 10px;text-align: center;"&gt;RFW-Superadmin&lt;/td&gt;&lt;td style="border: 1px solid rgb(160 160 160);padding: 8px 10px;text-align: center;"&gt;Static&lt;/td&gt;&lt;td style="border: 1px solid rgb(160 160 160);padding: 8px 10px;text-align: center;"&gt;Static3&lt;/td&gt;&lt;td style="border: 1px solid rgb(160 160 160);padding: 8px 10px;text-align: center;"&gt;static.rfw-sebasic@workers.rfw&lt;/td&gt;&lt;td style="border: 1px solid rgb(160 160 160);padding: 8px 10px;text-align: center;"&gt;1&lt;/td&gt;&lt;td style="border: 1px solid rgb(160 160 160);padding: 8px 10px;text-align: center;"&gt;None&lt;/td&gt;&lt;td style="border: 1px solid rgb(160 160 160);padding: 8px 10px;text-align: center;"&gt;None&lt;/td&gt;&lt;td style="border: 1px solid rgb(160 160 160);padding: 8px 10px;text-align: center;"&gt;None&lt;/td&gt;&lt;td style="border: 1px solid rgb(160 160 160);padding: 8px 10px;text-align: center;"&gt;1&lt;/td&gt;&lt;td style="border: 1px solid rgb(160 160 160);padding: 8px 10px;text-align: center;"&gt;None&lt;/td&gt;&lt;td style="border: 1px solid rgb(160 160 160);padding: 8px 10px;text-align: center;"&gt;2024-12-06 14:15:58.110000&lt;/td&gt;&lt;td style="border: 1px solid rgb(160 160 160);padding: 8px 10px;text-align: center;"&gt;None&lt;/td&gt;&lt;td style="border: 1px solid rgb(160 160 160);padding: 8px 10px;text-align: center;"&gt;None&lt;/td&gt;&lt;td style="border: 1px solid rgb(160 160 160);padding: 8px 10px;text-align: center;"&gt;None&lt;/td&gt;&lt;td style="border: 1px solid rgb(160 160 160);padding: 8px 10px;text-align: center;"&gt;None&lt;/td&gt;&lt;td style="border: 1px solid rgb(160 160 160);padding: 8px 10px;text-align: center;"&gt;None&lt;/td&gt;&lt;td style="border: 1px solid rgb(160 160 160);padding: 8px 10px;text-align: center;"&gt;None&lt;/td&gt;&lt;td style="border: 1px solid rgb(160 160 160);padding: 8px 10px;text-align: center;"&gt;Finland&lt;/td&gt;&lt;td style="border: 1px solid rgb(160 160 160);padding: 8px 10px;text-align: center;"&gt;None&lt;/td&gt;&lt;td style="border: 1px solid rgb(160 160 160);padding: 8px 10px;text-align: center;"&gt;r002206&lt;/td&gt;&lt;td style="border: 1px solid rgb(160 160 160);padding: 8px 10px;text-align: center;"&gt;6aec0c68e07c4c8e5f0be1b5901f9b99:edd7a9a87b16e2adff910cb8d960cb7da218c8de9aaf37c742afccc30d624cf0fae1fcd0ba5634c8bd63969325a0dbe051b76730b5795a9a0d535607e9370664&lt;/td&gt;&lt;td style="border: 1px solid rgb(160 160 160);padding: 8px 10px;text-align: center;"&gt;None&lt;/td&gt;&lt;td style="border: 1px solid rgb(160 160 160);padding: 8px 10px;text-align: center;"&gt;None&lt;/td&gt;&lt;/tr&gt;&lt;/table&gt;&lt;/div&gt;</msg>
<msg time="2024-12-09T08:48:19.262637" level="INFO">@{query_results} = [ (1, 1, 'r002200', datetime.datetime(2024, 12, 6, 0, 0), 'RFW-Superadmin', 'Static', None, 'starfw@unitedidentity.onmicrosoft.com', 1, None, None, None, 1, None, datetime.datetime(2024, 12, 6, 14, 15...</msg>
<var>@{query_results}</var>
<arg>SELECT TOP 5 * FROM PPM.T_USER;</arg>
<doc>Runs a query with the ``select_statement`` and returns the result as list of rows.
The type of row values depends on the database module -
usually they are tuples or tuple-like objects.</doc>
<status status="PASS" start="2024-12-09T08:48:19.258651" elapsed="0.003986"/>
</kw>
<kw name="Log Many" owner="BuiltIn">
<msg time="2024-12-09T08:48:19.263645" level="INFO">[(1, 1, 'r002200', datetime.datetime(2024, 12, 6, 0, 0), 'RFW-Superadmin', 'Static', None, 'starfw@unitedidentity.onmicrosoft.com', 1, None, None, None, 1, None, datetime.datetime(2024, 12, 6, 14, 15, 58, 73000), datetime.datetime(2024, 12, 6, 14, 18, 42, 187000), None, 'v1-1BEF09492E0E90E52157B46954DC8891BE419A71591D3F9A8E87392310E8CA40BA8A2E3A50AAA5E27C27A5844A6A4B8D93B5DAA9164F6FC3C500391C89F381F5D15A9CED1B239F4E93775204F4A72C6D50D386BA151472DC2FC35C573978741E', None, None, None, 'Finland', None, 'r002200', '6aec0c68e07c4c8e5f0be1b5901f9b99:edd7a9a87b16e2adff910cb8d960cb7da218c8de9aaf37c742afccc30d624cf0fae1fcd0ba5634c8bd63969325a0dbe051b76730b5795a9a0d535607e9370664', None, 'Static RFW-Superadmin'), (2, 1, 'r002203', datetime.datetime(2024, 12, 6, 0, 0), 'RFW-Superadmin ProductCatalogue', 'Static', None, 'static.rfw-sebasic@workers.rfw', 1, None, None, None, 1, None, datetime.datetime(2024, 12, 6, 14, 15, 58, 90000), datetime.datetime(2024, 12, 6, 14, 18, 42, 237000), None, 'v1-437CAB7A42FDFFEAC441332E923322CE18851DC7A6D5339FBBC49DEA21ECCD608D4E07B387512A7EDFF40DFE5D277940DB270DBE0FD5B0FE968F56527DEE67B48E2618E086F9DCCF9A5A20588814AEC46E5FDC100AC6B6DB124A684EEA6C302B', None, None, None, 'Finland', None, 'r002203', '6aec0c68e07c4c8e5f0be1b5901f9b99:edd7a9a87b16e2adff910cb8d960cb7da218c8de9aaf37c742afccc30d624cf0fae1fcd0ba5634c8bd63969325a0dbe051b76730b5795a9a0d535607e9370664', None, 'Static RFW-Superadmin ProductCatalogue'), (3, 1, 'r002204', datetime.datetime(2024, 12, 6, 0, 0), 'RFW-Superadmin RoleCatalogue', 'Static', None, None, 1, None, None, None, 1, None, datetime.datetime(2024, 12, 6, 14, 15, 58, 97000), datetime.datetime(2024, 12, 6, 14, 18, 42, 570000), None, 'v1-5A7BEF40E3FD35903193A0365C6EFACE8251ED2E4972A352529DB625ECB8F96D483E9CD1E7EB87B18414420378CBB76761D8341222B5541C6897E114E6B5781B03344158EBEF99A2071D9BCA3F339A04CCF34C14562A8D7BEFA292F26AD6B548', None, None, None, 'Finland', None, 'r002204', '6aec0c68e07c4c8e5f0be1b5901f9b99:edd7a9a87b16e2adff910cb8d960cb7da218c8de9aaf37c742afccc30d624cf0fae1fcd0ba5634c8bd63969325a0dbe051b76730b5795a9a0d535607e9370664', None, 'Static RFW-Superadmin RoleCatalogue'), (4, 1, 'r002205', datetime.datetime(2024, 12, 6, 0, 0), 'RFW-Superadmin SapProvision', 'Static', 'Static2', None, 1, None, None, None, 1, None, datetime.datetime(2024, 12, 6, 14, 15, 58, 103000), datetime.datetime(2024, 12, 6, 14, 18, 42, 613000), None, 'v1-0724E66ED3AE1F7CFD6E4EC1BDCF90A97F957F13F42A14F39CE3C104123A75D4F9889F95AC7123F541BC58655EF8C980330763C6473481681114B4B0E6F3DAC7459F4AE91D89AAAEEACA5022468B39F7E5070989E1DFA74B78F90A6E5155230B', None, None, None, 'Finland', None, 'r002205', '6aec0c68e07c4c8e5f0be1b5901f9b99:edd7a9a87b16e2adff910cb8d960cb7da218c8de9aaf37c742afccc30d624cf0fae1fcd0ba5634c8bd63969325a0dbe051b76730b5795a9a0d535607e9370664', None, 'Static2 RFW-Superadmin SapProvision'), (5, 1, 'r002206', datetime.datetime(2024, 12, 6, 0, 0), 'RFW-Superadmin', 'Static', 'Static3', 'static.rfw-sebasic@workers.rfw', 1, None, None, None, 1, None, datetime.datetime(2024, 12, 6, 14, 15, 58, 110000), None, None, None, None, None, None, 'Finland', None, 'r002206', '6aec0c68e07c4c8e5f0be1b5901f9b99:edd7a9a87b16e2adff910cb8d960cb7da218c8de9aaf37c742afccc30d624cf0fae1fcd0ba5634c8bd63969325a0dbe051b76730b5795a9a0d535607e9370664', None, None)]</msg>
<arg>${query_results}</arg>
<doc>Logs the given messages as separate entries using the INFO level.</doc>
<status status="PASS" start="2024-12-09T08:48:19.262637" elapsed="0.001008"/>
</kw>
<kw name="Disconnect From Database" owner="DatabaseLibrary">
<doc>Disconnects from the database.</doc>
<status status="PASS" start="2024-12-09T08:48:19.263645" elapsed="0.000000"/>
</kw>
<doc>Connect to the SQL Server database and retrieve data</doc>
<status status="PASS" start="2024-12-09T08:48:19.186322" elapsed="0.077323"/>
</test>
<status status="PASS" start="2024-12-09T08:48:19.158847" elapsed="0.104798"/>
</suite>
<statistics>
<total>
<stat pass="1" fail="0" skip="0">All Tests</stat>
</total>
<tag>
</tag>
<suite>
<stat pass="1" fail="0" skip="0" id="s1" name="Sql Server">Sql Server</stat>
</suite>
</statistics>
<errors>
</errors>
</robot>
